Determining if the pthread_create exist failed with the following output:
Change Dir: /home/nvidia/catkin_ws/build/CMakeFiles/CMakeTmp

Run Build Command:"/usr/bin/make" "cmTC_d2a8f/fast"
/usr/bin/make -f CMakeFiles/cmTC_d2a8f.dir/build.make CMakeFiles/cmTC_d2a8f.dir/build
make[1]: Entering directory '/home/nvidia/catkin_ws/build/CMakeFiles/CMakeTmp'
Building C object CMakeFiles/cmTC_d2a8f.dir/CheckSymbolExists.c.o
/usr/bin/cc     -o CMakeFiles/cmTC_d2a8f.dir/CheckSymbolExists.c.o   -c /home/nvidia/catkin_ws/build/CMakeFiles/CMakeTmp/CheckSymbolExists.c
Linking C executable cmTC_d2a8f
/usr/bin/cmake -E cmake_link_script CMakeFiles/cmTC_d2a8f.dir/link.txt --verbose=1
/usr/bin/cc       CMakeFiles/cmTC_d2a8f.dir/CheckSymbolExists.c.o  -o cmTC_d2a8f -rdynamic 
CMakeFiles/cmTC_d2a8f.dir/CheckSymbolExists.c.o: In function `main':
CheckSymbolExists.c:(.text+0x14): undefined reference to `pthread_create'
CheckSymbolExists.c:(.text+0x18): undefined reference to `pthread_create'
collect2: error: ld returned 1 exit status
CMakeFiles/cmTC_d2a8f.dir/build.make:97: recipe for target 'cmTC_d2a8f' failed
make[1]: *** [cmTC_d2a8f] Error 1
make[1]: Leaving directory '/home/nvidia/catkin_ws/build/CMakeFiles/CMakeTmp'
Makefile:126: recipe for target 'cmTC_d2a8f/fast' failed
make: *** [cmTC_d2a8f/fast] Error 2

File /home/nvidia/catkin_ws/build/CMakeFiles/CMakeTmp/CheckSymbolExists.c:
/* */
#include <pthread.h>

int main(int argc, char** argv)
{
  (void)argv;
#ifndef pthread_create
  return ((int*)(&pthread_create))[argc];
#else
  (void)argc;
  return 0;
#endif
}

Determining if the function pthread_create exists in the pthreads failed with the following output:
Change Dir: /home/nvidia/catkin_ws/build/CMakeFiles/CMakeTmp

Run Build Command:"/usr/bin/make" "cmTC_74348/fast"
/usr/bin/make -f CMakeFiles/cmTC_74348.dir/build.make CMakeFiles/cmTC_74348.dir/build
make[1]: Entering directory '/home/nvidia/catkin_ws/build/CMakeFiles/CMakeTmp'
Building C object CMakeFiles/cmTC_74348.dir/CheckFunctionExists.c.o
/usr/bin/cc    -DCHECK_FUNCTION_EXISTS=pthread_create   -o CMakeFiles/cmTC_74348.dir/CheckFunctionExists.c.o   -c /usr/share/cmake-3.5/Modules/CheckFunctionExists.c
Linking C executable cmTC_74348
/usr/bin/cmake -E cmake_link_script CMakeFiles/cmTC_74348.dir/link.txt --verbose=1
/usr/bin/cc   -DCHECK_FUNCTION_EXISTS=pthread_create    CMakeFiles/cmTC_74348.dir/CheckFunctionExists.c.o  -o cmTC_74348 -rdynamic -lpthreads 
/usr/bin/ld: cannot find -lpthreads
collect2: error: ld returned 1 exit status
CMakeFiles/cmTC_74348.dir/build.make:97: recipe for target 'cmTC_74348' failed
make[1]: *** [cmTC_74348] Error 1
make[1]: Leaving directory '/home/nvidia/catkin_ws/build/CMakeFiles/CMakeTmp'
Makefile:126: recipe for target 'cmTC_74348/fast' failed
make: *** [cmTC_74348/fast] Error 2


Determining if the function trunc exists failed with the following output:
Change Dir: /home/nvidia/catkin_ws/build/CMakeFiles/CMakeTmp

Run Build Command:"/usr/bin/make" "cmTC_f7582/fast"
/usr/bin/make -f CMakeFiles/cmTC_f7582.dir/build.make CMakeFiles/cmTC_f7582.dir/build
make[1]: Entering directory '/home/nvidia/catkin_ws/build/CMakeFiles/CMakeTmp'
Building C object CMakeFiles/cmTC_f7582.dir/CheckFunctionExists.c.o
/usr/bin/cc    -DCHECK_FUNCTION_EXISTS=trunc   -o CMakeFiles/cmTC_f7582.dir/CheckFunctionExists.c.o   -c /usr/share/cmake-3.5/Modules/CheckFunctionExists.c
<command-line>:0:23: warning: conflicting types for built-in function ‘trunc’
/usr/share/cmake-3.5/Modules/CheckFunctionExists.c:6:6: note: in expansion of macro ‘CHECK_FUNCTION_EXISTS’
 char CHECK_FUNCTION_EXISTS();
      ^
Linking C executable cmTC_f7582
/usr/bin/cmake -E cmake_link_script CMakeFiles/cmTC_f7582.dir/link.txt --verbose=1
/usr/bin/cc   -DCHECK_FUNCTION_EXISTS=trunc    CMakeFiles/cmTC_f7582.dir/CheckFunctionExists.c.o  -o cmTC_f7582 -rdynamic 
CMakeFiles/cmTC_f7582.dir/CheckFunctionExists.c.o: In function `main':
CheckFunctionExists.c:(.text+0x10): undefined reference to `trunc'
collect2: error: ld returned 1 exit status
CMakeFiles/cmTC_f7582.dir/build.make:97: recipe for target 'cmTC_f7582' failed
make[1]: *** [cmTC_f7582] Error 1
make[1]: Leaving directory '/home/nvidia/catkin_ws/build/CMakeFiles/CMakeTmp'
Makefile:126: recipe for target 'cmTC_f7582/fast' failed
make: *** [cmTC_f7582/fast] Error 2


